c:\cproject\huffmancode\debug\vc142.pdb
c:\cproject\huffmancode\debug\vc142.idb
c:\cproject\huffmancode\debug\testbits.obj
c:\cproject\huffmancode\debug\test.obj
c:\cproject\huffmancode\debug\containers.obj
c:\cproject\huffmancode\debug\linklist.obj
c:\cproject\huffmancode\debug\huffmancode.obj
c:\cproject\huffmancode\debug\fileread.obj
c:\cproject\huffmancode\debug\bitoprate.obj
c:\cproject\huffmancode\debug\coding.obj
c:\cproject\huffmancode\debug\huffmancode.ilk
c:\cproject\huffmancode\debug\huffmancode.exe
c:\cproject\huffmancode\debug\huffmancode.pdb
c:\cproject\huffmancode\debug\test.obj.enc
c:\cproject\huffmancode\debug\huffmancode.tlog\cl.command.1.tlog
c:\cproject\huffmancode\debug\huffmancode.tlog\cl.read.1.tlog
c:\cproject\huffmancode\debug\huffmancode.tlog\cl.write.1.tlog
c:\cproject\huffmancode\debug\huffmancode.tlog\link.command.1.tlog
c:\cproject\huffmancode\debug\huffmancode.tlog\link.read.1.tlog
c:\cproject\huffmancode\debug\huffmancode.tlog\link.write.1.tlog
