d:\qxy\cpp\codec\codecdll\release\vc142.pdb
d:\qxy\cpp\codec\codecdll\release\codec.obj
d:\qxy\cpp\codec\codecdll\release\dllmain.obj
d:\qxy\cpp\codec\codecdll\release\readbmp.obj
d:\qxy\cpp\codec\codecdll\release\map.obj
d:\qxy\cpp\codec\codecdll\release\linklist.obj
d:\qxy\cpp\codec\codecdll\release\fileread.obj
d:\qxy\cpp\codec\codecdll\release\containers.obj
d:\qxy\cpp\codec\codecdll\release\coding.obj
d:\qxy\cpp\codec\codecdll\release\bitoprate.obj
d:\qxy\cpp\codec\release\codecdll.lib
d:\qxy\cpp\codec\release\codecdll.exp
d:\qxy\cpp\codec\release\codecdll.dll
d:\qxy\cpp\codec\codecdll\release\codecdll.ipdb
d:\qxy\cpp\codec\codecdll\release\codecdll.iobj
d:\qxy\cpp\codec\release\codecdll.pdb
d:\qxy\cpp\codec\codecdll\release\codecdll.tlog\cl.command.1.tlog
d:\qxy\cpp\codec\codecdll\release\codecdll.tlog\cl.read.1.tlog
d:\qxy\cpp\codec\codecdll\release\codecdll.tlog\cl.write.1.tlog
d:\qxy\cpp\codec\codecdll\release\codecdll.tlog\codecdll.write.1u.tlog
d:\qxy\cpp\codec\codecdll\release\codecdll.tlog\link.command.1.tlog
d:\qxy\cpp\codec\codecdll\release\codecdll.tlog\link.read.1.tlog
d:\qxy\cpp\codec\codecdll\release\codecdll.tlog\link.write.1.tlog
